[Appium] Welcome to Appium v1.7.1
[Appium] Non-default server args:
[Appium]   port: 50068
[Appium]   loglevel: info
[Appium]   chromeDriverPort: 50069
[Appium]   tmpDir: C:\Users\MA006~1.KAM\AppData\Local\Temp\\Katalon\Appium\Temp1544967017211
[Appium] Appium REST http interface listener started on 0.0.0.0:50068
[HTTP] --> GET /wd/hub/status {}
[HTTP] <-- GET /wd/hub/status 200 179 ms - 83 
[HTTP] --> GET /wd/hub/status {}
[HTTP] <-- GET /wd/hub/status 200 71 ms - 83 
[HTTP] --> POST /wd/hub/session {"desiredCapabilities":{"app":"C:\\Users\\M.Kamel\\AppData\\Roaming\\npm\\com.aradocs.schooolz.apk","autoGrantPermissions":true,"automationName":"uiautomator2","deviceName":"samsung SM-J730F (Android 7.0)","fullReset":false,"newCommandTimeout":1800,"noReset":true,"platform":"ANDROID","platformName":"Android","udid":"52006282488aa4db"},"capabilities":{"desiredCapabilities":{"app":"C:\\Users\\M.Kamel\\AppData\\Roaming\\npm\\com.aradocs.schooolz.apk","autoGrantPermissions":true,"automationName":"uiautomator2","deviceName":"samsung SM-J730F (Android 7.0)","fullReset":false,"newCommandTimeout":1800,"noReset":true,"platform":"ANDROID","platformName":"Android","udid":"52006282488aa4db"},"firstMatch":[{"platformName":"android"}]}}
[Appium] Creating new AndroidUiautomator2Driver (v0.6.5) session
[Appium] Capabilities:
[Appium]   app: 'C:\\Users\\M.Kamel\\AppData\\Roaming\\npm\\com.aradocs.schooolz.apk'
[Appium]   autoGrantPermissions: true
[Appium]   automationName: 'uiautomator2'
[Appium]   deviceName: 'samsung SM-J730F (Android 7.0)'
[Appium]   fullReset: false
[Appium]   newCommandTimeout: 1800
[Appium]   noReset: true
[Appium]   platform: 'ANDROID'
[Appium]   platformName: 'Android'
[Appium]   udid: '52006282488aa4db'
[BaseDriver] The following capabilities were provided, but are not recognized by appium: platform.
[BaseDriver] Session created with session id: 9a0493c2-9d42-41df-9d2d-c4733899c7d9
[BaseDriver] Using local app 'C:\Users\M.Kamel\AppData\Roaming\npm\com.aradocs.schooolz.apk'
[AndroidDriver] Java version is: 1.8.0_181
[ADB] Checking whether adb is present
[ADB] Using adb.exe from C:\Users\M.Kamel\.katalon\tools\android_sdk\platform-tools\adb.exe
[AndroidDriver] Retrieving device list
[AndroidDriver] Using device: 52006282488aa4db
[ADB] Checking whether adb is present
[ADB] Using adb.exe from C:\Users\M.Kamel\.katalon\tools\android_sdk\platform-tools\adb.exe
[ADB] Checking whether aapt is present
[ADB] Using aapt.exe from C:\Users\M.Kamel\.katalon\tools\android_sdk\build-tools\28.0.3\aapt.exe
[ADB] Extracting package and launch activity from manifest
[ADB] Getting device platform version
[ADB] Checking whether aapt is present
[ADB] Using aapt.exe from C:\Users\M.Kamel\.katalon\tools\android_sdk\build-tools\28.0.3\aapt.exe
[ADB] io.appium.settings was successfully uninstalled
[AndroidDriver] Screen already unlocked, doing nothing
[ADB] Checking whether zipalign is present
[ADB] Using zipalign.exe from C:\Users\M.Kamel\.katalon\tools\android_sdk\build-tools\28.0.3\zipalign.exe
[AndroidDriver] Remote apk path is /data/local/tmp/601500aa3a4b2adea7de88e13e9509f5.apk
[ADB] Checking whether aapt is present
[ADB] Using aapt.exe from C:\Users\M.Kamel\.katalon\tools\android_sdk\build-tools\28.0.3\aapt.exe
[ADB] Extracting package and launch activity from manifest
[ADB] com.aradocs.schooolz contains no permissions available for granting.
[UiAutomator2] Starting uiautomator2 server v0.1.8
[UiAutomator2] Running command: 'adb -s 52006282488aa4db shell am instrument -w io.appium.uiautomator2.server.test/android.support.test.runner.AndroidJUnitRunner'
[UiAutomator2] Waiting up to 20000ms for UiAutomator2 to be online...
[UiAutomator2] UiAutomator2 did not start the activity we were waiting for, 'com.aradocs.schooolz/com.aradocs.schooolz.SplashScreen'. Starting it ourselves
[Appium] New AndroidUiautomator2Driver session created successfully, session 9a0493c2-9d42-41df-9d2d-c4733899c7d9 added to master session list
[HTTP] <-- POST /wd/hub/session 200 58475 ms - 385 
[HTTP] --> GET /wd/hub/status {}
[HTTP] <-- GET /wd/hub/status 200 690 ms - 83 
[HTTP] --> POST /wd/hub/session/9a0493c2-9d42-41df-9d2d-c4733899c7d9/timeouts {"type":"implicit","ms":60000}
[HTTP] <-- POST /wd/hub/session/9a0493c2-9d42-41df-9d2d-c4733899c7d9/timeouts 200 6 ms - 76 
[HTTP] --> GET /wd/hub/session/9a0493c2-9d42-41df-9d2d-c4733899c7d9/source {}
[MJSONWP] Driver proxy active, passing request on via HTTP proxy
[JSONWP Proxy] Replacing sessionId b407629d-767d-46fa-a07e-fe5f746e31b4 with 9a0493c2-9d42-41df-9d2d-c4733899c7d9
[HTTP] <-- GET /wd/hub/session/9a0493c2-9d42-41df-9d2d-c4733899c7d9/source 200 492 ms - 56777 
[HTTP] --> GET /wd/hub/session/9a0493c2-9d42-41df-9d2d-c4733899c7d9/screenshot {}
[HTTP] <-- GET /wd/hub/session/9a0493c2-9d42-41df-9d2d-c4733899c7d9/screenshot 200 2018 ms - 761594 
[HTTP] --> GET /wd/hub/session/9a0493c2-9d42-41df-9d2d-c4733899c7d9/window/current/size {}
[MJSONWP] Driver proxy active, passing request on via HTTP proxy
[JSONWP Proxy] Replacing sessionId b407629d-767d-46fa-a07e-fe5f746e31b4 with 9a0493c2-9d42-41df-9d2d-c4733899c7d9
[HTTP] <-- GET /wd/hub/session/9a0493c2-9d42-41df-9d2d-c4733899c7d9/window/current/size 200 39 ms - 100 
[HTTP] --> POST /wd/hub/session/9a0493c2-9d42-41df-9d2d-c4733899c7d9/elements {"using":"xpath","value":"//hierarchy/android.widget.FrameLayout[1]/android.widget.LinearLayout[1]/android.widget.FrameLayout[1]/android.widget.LinearLayout[1]/android.widget.FrameLayout[1]/android.view.ViewGroup[1]/android.widget.FrameLayout[1]/android.widget.ScrollView[1]/android.view.ViewGroup[1]/android.view.ViewGroup[1]/android.widget.ImageView[2]"}
[HTTP] <-- POST /wd/hub/session/9a0493c2-9d42-41df-9d2d-c4733899c7d9/elements 200 353 ms - 124 
[HTTP] --> GET /wd/hub/session/9a0493c2-9d42-41df-9d2d-c4733899c7d9 {}
[HTTP] <-- GET /wd/hub/session/9a0493c2-9d42-41df-9d2d-c4733899c7d9 200 2 ms - 1049 
[HTTP] --> GET /wd/hub/session/9a0493c2-9d42-41df-9d2d-c4733899c7d9 {}
[HTTP] <-- GET /wd/hub/session/9a0493c2-9d42-41df-9d2d-c4733899c7d9 200 1 ms - 1049 
[HTTP] --> GET /wd/hub/session/9a0493c2-9d42-41df-9d2d-c4733899c7d9 {}
[HTTP] <-- GET /wd/hub/session/9a0493c2-9d42-41df-9d2d-c4733899c7d9 200 1 ms - 1049 
[HTTP] --> GET /wd/hub/session/9a0493c2-9d42-41df-9d2d-c4733899c7d9 {}
[HTTP] <-- GET /wd/hub/session/9a0493c2-9d42-41df-9d2d-c4733899c7d9 200 1 ms - 1049 
[HTTP] --> GET /wd/hub/session/9a0493c2-9d42-41df-9d2d-c4733899c7d9/element/5a3525e9-295d-4d6f-9187-b402239c7695/location {}
[MJSONWP] Driver proxy active, passing request on via HTTP proxy
[JSONWP Proxy] Replacing sessionId b407629d-767d-46fa-a07e-fe5f746e31b4 with 9a0493c2-9d42-41df-9d2d-c4733899c7d9
[HTTP] <-- GET /wd/hub/session/9a0493c2-9d42-41df-9d2d-c4733899c7d9/element/5a3525e9-295d-4d6f-9187-b402239c7695/location 200 45 ms - 89 
[HTTP] --> POST /wd/hub/session/9a0493c2-9d42-41df-9d2d-c4733899c7d9/touch/perform {"actions":[{"action":"tap","options":{"element":"5a3525e9-295d-4d6f-9187-b402239c7695","x":1,"y":1}}]}
[UiAutomator2] calling get location: 5a3525e9-295d-4d6f-9187-b402239c7695
[HTTP] <-- POST /wd/hub/session/9a0493c2-9d42-41df-9d2d-c4733899c7d9/touch/perform 200 125 ms - 76 
[HTTP] --> GET /wd/hub/session/9a0493c2-9d42-41df-9d2d-c4733899c7d9/source {}
[MJSONWP] Driver proxy active, passing request on via HTTP proxy
[JSONWP Proxy] Replacing sessionId b407629d-767d-46fa-a07e-fe5f746e31b4 with 9a0493c2-9d42-41df-9d2d-c4733899c7d9
[HTTP] <-- GET /wd/hub/session/9a0493c2-9d42-41df-9d2d-c4733899c7d9/source 200 209 ms - 6749 
[HTTP] --> GET /wd/hub/session/9a0493c2-9d42-41df-9d2d-c4733899c7d9/screenshot {}
[HTTP] <-- GET /wd/hub/session/9a0493c2-9d42-41df-9d2d-c4733899c7d9/screenshot 200 1537 ms - 486494 
[HTTP] --> GET /wd/hub/session/9a0493c2-9d42-41df-9d2d-c4733899c7d9/window/current/size {}
[MJSONWP] Driver proxy active, passing request on via HTTP proxy
[JSONWP Proxy] Replacing sessionId b407629d-767d-46fa-a07e-fe5f746e31b4 with 9a0493c2-9d42-41df-9d2d-c4733899c7d9
[HTTP] <-- GET /wd/hub/session/9a0493c2-9d42-41df-9d2d-c4733899c7d9/window/current/size 200 38 ms - 100 
[HTTP] --> POST /wd/hub/session/9a0493c2-9d42-41df-9d2d-c4733899c7d9/elements {"using":"xpath","value":"//hierarchy/android.widget.FrameLayout[1]/android.widget.FrameLayout[1]/android.widget.FrameLayout[1]/android.widget.LinearLayout[1]/android.widget.RelativeLayout[1]/android.widget.FrameLayout[1]/android.widget.LinearLayout[1]/android.widget.EditText[1]"}
[HTTP] <-- POST /wd/hub/session/9a0493c2-9d42-41df-9d2d-c4733899c7d9/elements 200 84 ms - 124 
[HTTP] --> GET /wd/hub/session/9a0493c2-9d42-41df-9d2d-c4733899c7d9 {}
[HTTP] <-- GET /wd/hub/session/9a0493c2-9d42-41df-9d2d-c4733899c7d9 200 3 ms - 1049 
[HTTP] --> GET /wd/hub/session/9a0493c2-9d42-41df-9d2d-c4733899c7d9 {}
[HTTP] <-- GET /wd/hub/session/9a0493c2-9d42-41df-9d2d-c4733899c7d9 200 5 ms - 1049 
[HTTP] --> GET /wd/hub/session/9a0493c2-9d42-41df-9d2d-c4733899c7d9 {}
[HTTP] <-- GET /wd/hub/session/9a0493c2-9d42-41df-9d2d-c4733899c7d9 200 2 ms - 1049 
[HTTP] --> GET /wd/hub/session/9a0493c2-9d42-41df-9d2d-c4733899c7d9 {}
[HTTP] <-- GET /wd/hub/session/9a0493c2-9d42-41df-9d2d-c4733899c7d9 200 6 ms - 1049 
[HTTP] --> GET /wd/hub/session/9a0493c2-9d42-41df-9d2d-c4733899c7d9/element/78b3dd50-29ee-4dae-9faf-79a09c4daad4/location {}
[MJSONWP] Driver proxy active, passing request on via HTTP proxy
[JSONWP Proxy] Replacing sessionId b407629d-767d-46fa-a07e-fe5f746e31b4 with 9a0493c2-9d42-41df-9d2d-c4733899c7d9
[HTTP] <-- GET /wd/hub/session/9a0493c2-9d42-41df-9d2d-c4733899c7d9/element/78b3dd50-29ee-4dae-9faf-79a09c4daad4/location 200 40 ms - 89 
[HTTP] --> POST /wd/hub/session/9a0493c2-9d42-41df-9d2d-c4733899c7d9/element/78b3dd50-29ee-4dae-9faf-79a09c4daad4/clear {"id":"78b3dd50-29ee-4dae-9faf-79a09c4daad4"}
[HTTP] <-- POST /wd/hub/session/9a0493c2-9d42-41df-9d2d-c4733899c7d9/element/78b3dd50-29ee-4dae-9faf-79a09c4daad4/clear 200 2243 ms - 76 
[HTTP] --> POST /wd/hub/session/9a0493c2-9d42-41df-9d2d-c4733899c7d9/element/78b3dd50-29ee-4dae-9faf-79a09c4daad4/value {"id":"78b3dd50-29ee-4dae-9faf-79a09c4daad4","value":["student@yahoo.com"]}
[HTTP] <-- POST /wd/hub/session/9a0493c2-9d42-41df-9d2d-c4733899c7d9/element/78b3dd50-29ee-4dae-9faf-79a09c4daad4/value 200 716 ms - 74 
[HTTP] --> GET /wd/hub/session/9a0493c2-9d42-41df-9d2d-c4733899c7d9/source {}
[MJSONWP] Driver proxy active, passing request on via HTTP proxy
[JSONWP Proxy] Replacing sessionId b407629d-767d-46fa-a07e-fe5f746e31b4 with 9a0493c2-9d42-41df-9d2d-c4733899c7d9
[HTTP] <-- GET /wd/hub/session/9a0493c2-9d42-41df-9d2d-c4733899c7d9/source 200 186 ms - 6717 
[HTTP] --> GET /wd/hub/session/9a0493c2-9d42-41df-9d2d-c4733899c7d9/screenshot {}
[HTTP] <-- GET /wd/hub/session/9a0493c2-9d42-41df-9d2d-c4733899c7d9/screenshot 200 1444 ms - 470438 
[HTTP] --> GET /wd/hub/session/9a0493c2-9d42-41df-9d2d-c4733899c7d9/window/current/size {}
[MJSONWP] Driver proxy active, passing request on via HTTP proxy
[JSONWP Proxy] Replacing sessionId b407629d-767d-46fa-a07e-fe5f746e31b4 with 9a0493c2-9d42-41df-9d2d-c4733899c7d9
[HTTP] <-- GET /wd/hub/session/9a0493c2-9d42-41df-9d2d-c4733899c7d9/window/current/size 200 27 ms - 100 
[HTTP] --> POST /wd/hub/session/9a0493c2-9d42-41df-9d2d-c4733899c7d9/elements {"using":"xpath","value":"//hierarchy/android.widget.FrameLayout[1]/android.widget.FrameLayout[1]/android.widget.FrameLayout[1]/android.widget.LinearLayout[1]/android.widget.RelativeLayout[1]/android.widget.FrameLayout[1]/android.widget.LinearLayout[1]/android.widget.EditText[2]"}
[HTTP] <-- POST /wd/hub/session/9a0493c2-9d42-41df-9d2d-c4733899c7d9/elements 200 85 ms - 124 
[HTTP] --> GET /wd/hub/session/9a0493c2-9d42-41df-9d2d-c4733899c7d9 {}
[HTTP] <-- GET /wd/hub/session/9a0493c2-9d42-41df-9d2d-c4733899c7d9 200 1 ms - 1049 
[HTTP] --> GET /wd/hub/session/9a0493c2-9d42-41df-9d2d-c4733899c7d9 {}
[HTTP] <-- GET /wd/hub/session/9a0493c2-9d42-41df-9d2d-c4733899c7d9 200 2 ms - 1049 
[HTTP] --> GET /wd/hub/session/9a0493c2-9d42-41df-9d2d-c4733899c7d9 {}
[HTTP] <-- GET /wd/hub/session/9a0493c2-9d42-41df-9d2d-c4733899c7d9 200 1 ms - 1049 
[HTTP] --> GET /wd/hub/session/9a0493c2-9d42-41df-9d2d-c4733899c7d9 {}
[HTTP] <-- GET /wd/hub/session/9a0493c2-9d42-41df-9d2d-c4733899c7d9 200 2 ms - 1049 
[HTTP] --> GET /wd/hub/session/9a0493c2-9d42-41df-9d2d-c4733899c7d9/element/3c54896e-aae3-4c05-87e3-24518f599529/location {}
[MJSONWP] Driver proxy active, passing request on via HTTP proxy
[JSONWP Proxy] Replacing sessionId b407629d-767d-46fa-a07e-fe5f746e31b4 with 9a0493c2-9d42-41df-9d2d-c4733899c7d9
[HTTP] <-- GET /wd/hub/session/9a0493c2-9d42-41df-9d2d-c4733899c7d9/element/3c54896e-aae3-4c05-87e3-24518f599529/location 200 30 ms - 89 
[HTTP] --> POST /wd/hub/session/9a0493c2-9d42-41df-9d2d-c4733899c7d9/element/3c54896e-aae3-4c05-87e3-24518f599529/clear {"id":"3c54896e-aae3-4c05-87e3-24518f599529"}
[HTTP] <-- POST /wd/hub/session/9a0493c2-9d42-41df-9d2d-c4733899c7d9/element/3c54896e-aae3-4c05-87e3-24518f599529/clear 200 2014 ms - 76 
[HTTP] --> POST /wd/hub/session/9a0493c2-9d42-41df-9d2d-c4733899c7d9/element/3c54896e-aae3-4c05-87e3-24518f599529/value {"id":"3c54896e-aae3-4c05-87e3-24518f599529","value":["123456"]}
[HTTP] <-- POST /wd/hub/session/9a0493c2-9d42-41df-9d2d-c4733899c7d9/element/3c54896e-aae3-4c05-87e3-24518f599529/value 200 750 ms - 74 
[HTTP] --> GET /wd/hub/session/9a0493c2-9d42-41df-9d2d-c4733899c7d9/source {}
[MJSONWP] Driver proxy active, passing request on via HTTP proxy
[JSONWP Proxy] Replacing sessionId b407629d-767d-46fa-a07e-fe5f746e31b4 with 9a0493c2-9d42-41df-9d2d-c4733899c7d9
[HTTP] <-- GET /wd/hub/session/9a0493c2-9d42-41df-9d2d-c4733899c7d9/source 200 193 ms - 6714 
[HTTP] --> GET /wd/hub/session/9a0493c2-9d42-41df-9d2d-c4733899c7d9/screenshot {}
[HTTP] <-- GET /wd/hub/session/9a0493c2-9d42-41df-9d2d-c4733899c7d9/screenshot 200 1493 ms - 456818 
[HTTP] --> GET /wd/hub/session/9a0493c2-9d42-41df-9d2d-c4733899c7d9/window/current/size {}
[MJSONWP] Driver proxy active, passing request on via HTTP proxy
[JSONWP Proxy] Replacing sessionId b407629d-767d-46fa-a07e-fe5f746e31b4 with 9a0493c2-9d42-41df-9d2d-c4733899c7d9
[HTTP] <-- GET /wd/hub/session/9a0493c2-9d42-41df-9d2d-c4733899c7d9/window/current/size 200 28 ms - 100 
[HTTP] --> POST /wd/hub/session/9a0493c2-9d42-41df-9d2d-c4733899c7d9/elements {"using":"xpath","value":"//hierarchy/android.widget.FrameLayout[1]/android.widget.FrameLayout[1]/android.widget.FrameLayout[1]/android.widget.LinearLayout[1]/android.widget.RelativeLayout[1]/android.widget.FrameLayout[1]/android.widget.LinearLayout[1]/android.widget.Button[1]"}
[HTTP] <-- POST /wd/hub/session/9a0493c2-9d42-41df-9d2d-c4733899c7d9/elements 200 79 ms - 124 
[HTTP] --> GET /wd/hub/session/9a0493c2-9d42-41df-9d2d-c4733899c7d9 {}
[HTTP] <-- GET /wd/hub/session/9a0493c2-9d42-41df-9d2d-c4733899c7d9 200 1 ms - 1049 
[HTTP] --> GET /wd/hub/session/9a0493c2-9d42-41df-9d2d-c4733899c7d9 {}
[HTTP] <-- GET /wd/hub/session/9a0493c2-9d42-41df-9d2d-c4733899c7d9 200 1 ms - 1049 
[HTTP] --> GET /wd/hub/session/9a0493c2-9d42-41df-9d2d-c4733899c7d9 {}
[HTTP] <-- GET /wd/hub/session/9a0493c2-9d42-41df-9d2d-c4733899c7d9 200 1 ms - 1049 
[HTTP] --> GET /wd/hub/session/9a0493c2-9d42-41df-9d2d-c4733899c7d9 {}
[HTTP] <-- GET /wd/hub/session/9a0493c2-9d42-41df-9d2d-c4733899c7d9 200 1 ms - 1049 
[HTTP] --> GET /wd/hub/session/9a0493c2-9d42-41df-9d2d-c4733899c7d9/element/ee2f8dec-59ed-45db-a3f4-db39d463590c/location {}
[MJSONWP] Driver proxy active, passing request on via HTTP proxy
[JSONWP Proxy] Replacing sessionId b407629d-767d-46fa-a07e-fe5f746e31b4 with 9a0493c2-9d42-41df-9d2d-c4733899c7d9
[HTTP] <-- GET /wd/hub/session/9a0493c2-9d42-41df-9d2d-c4733899c7d9/element/ee2f8dec-59ed-45db-a3f4-db39d463590c/location 200 19 ms - 89 
[HTTP] --> POST /wd/hub/session/9a0493c2-9d42-41df-9d2d-c4733899c7d9/touch/perform {"actions":[{"action":"tap","options":{"element":"ee2f8dec-59ed-45db-a3f4-db39d463590c","x":1,"y":1}}]}
[UiAutomator2] calling get location: ee2f8dec-59ed-45db-a3f4-db39d463590c
[HTTP] <-- POST /wd/hub/session/9a0493c2-9d42-41df-9d2d-c4733899c7d9/touch/perform 200 62 ms - 76 
[HTTP] --> GET /wd/hub/session/9a0493c2-9d42-41df-9d2d-c4733899c7d9/source {}
[MJSONWP] Driver proxy active, passing request on via HTTP proxy
[JSONWP Proxy] Replacing sessionId b407629d-767d-46fa-a07e-fe5f746e31b4 with 9a0493c2-9d42-41df-9d2d-c4733899c7d9
[HTTP] <-- GET /wd/hub/session/9a0493c2-9d42-41df-9d2d-c4733899c7d9/source 200 68 ms - 6714 
[HTTP] --> GET /wd/hub/session/9a0493c2-9d42-41df-9d2d-c4733899c7d9/screenshot {}
[HTTP] <-- GET /wd/hub/session/9a0493c2-9d42-41df-9d2d-c4733899c7d9/screenshot 200 1463 ms - 456818 
[HTTP] --> GET /wd/hub/session/9a0493c2-9d42-41df-9d2d-c4733899c7d9/source {}
[MJSONWP] Driver proxy active, passing request on via HTTP proxy
[JSONWP Proxy] Replacing sessionId b407629d-767d-46fa-a07e-fe5f746e31b4 with 9a0493c2-9d42-41df-9d2d-c4733899c7d9
[HTTP] <-- GET /wd/hub/session/9a0493c2-9d42-41df-9d2d-c4733899c7d9/source 200 399 ms - 26197 
[HTTP] --> GET /wd/hub/session/9a0493c2-9d42-41df-9d2d-c4733899c7d9/screenshot {}
[HTTP] <-- GET /wd/hub/session/9a0493c2-9d42-41df-9d2d-c4733899c7d9/screenshot 200 1707 ms - 398574 
[HTTP] --> GET /wd/hub/session/9a0493c2-9d42-41df-9d2d-c4733899c7d9/context {}
[HTTP] <-- GET /wd/hub/session/9a0493c2-9d42-41df-9d2d-c4733899c7d9/context 200 3 ms - 84 
[HTTP] --> GET /wd/hub/session/9a0493c2-9d42-41df-9d2d-c4733899c7d9/contexts {}
[HTTP] <-- GET /wd/hub/session/9a0493c2-9d42-41df-9d2d-c4733899c7d9/contexts 200 165 ms - 86 
[HTTP] --> POST /wd/hub/session/9a0493c2-9d42-41df-9d2d-c4733899c7d9/context {"name":"NATIVE_APP"}
[HTTP] <-- POST /wd/hub/session/9a0493c2-9d42-41df-9d2d-c4733899c7d9/context 200 127 ms - 76 
[HTTP] --> POST /wd/hub/session/9a0493c2-9d42-41df-9d2d-c4733899c7d9/appium/device/press_keycode {"keycode":4}
[HTTP] <-- POST /wd/hub/session/9a0493c2-9d42-41df-9d2d-c4733899c7d9/appium/device/press_keycode 200 71 ms - 76 
[HTTP] --> POST /wd/hub/session/9a0493c2-9d42-41df-9d2d-c4733899c7d9/context {"name":"NATIVE_APP"}
[HTTP] <-- POST /wd/hub/session/9a0493c2-9d42-41df-9d2d-c4733899c7d9/context 200 132 ms - 76 
[HTTP] --> GET /wd/hub/session/9a0493c2-9d42-41df-9d2d-c4733899c7d9/source {}
[MJSONWP] Driver proxy active, passing request on via HTTP proxy
[JSONWP Proxy] Replacing sessionId b407629d-767d-46fa-a07e-fe5f746e31b4 with 9a0493c2-9d42-41df-9d2d-c4733899c7d9
[HTTP] <-- GET /wd/hub/session/9a0493c2-9d42-41df-9d2d-c4733899c7d9/source 200 941 ms - 24253 
[HTTP] --> GET /wd/hub/session/9a0493c2-9d42-41df-9d2d-c4733899c7d9/screenshot {}
[HTTP] <-- GET /wd/hub/session/9a0493c2-9d42-41df-9d2d-c4733899c7d9/screenshot 200 1542 ms - 460126 
[HTTP] --> GET /wd/hub/session/9a0493c2-9d42-41df-9d2d-c4733899c7d9/window/current/size {}
[MJSONWP] Driver proxy active, passing request on via HTTP proxy
[JSONWP Proxy] Replacing sessionId b407629d-767d-46fa-a07e-fe5f746e31b4 with 9a0493c2-9d42-41df-9d2d-c4733899c7d9
[HTTP] <-- GET /wd/hub/session/9a0493c2-9d42-41df-9d2d-c4733899c7d9/window/current/size 200 25 ms - 100 
[HTTP] --> POST /wd/hub/session/9a0493c2-9d42-41df-9d2d-c4733899c7d9/elements {"using":"xpath","value":"//hierarchy/android.widget.FrameLayout[1]/android.widget.LinearLayout[1]/android.widget.FrameLayout[1]/android.widget.LinearLayout[1]/android.widget.FrameLayout[1]/android.view.ViewGroup[1]/android.widget.LinearLayout[1]/android.widget.LinearLayout[5]/android.widget.ImageView[1]"}
[HTTP] <-- POST /wd/hub/session/9a0493c2-9d42-41df-9d2d-c4733899c7d9/elements 200 230 ms - 124 
[HTTP] --> GET /wd/hub/session/9a0493c2-9d42-41df-9d2d-c4733899c7d9 {}
[HTTP] <-- GET /wd/hub/session/9a0493c2-9d42-41df-9d2d-c4733899c7d9 200 1 ms - 1049 
[HTTP] --> GET /wd/hub/session/9a0493c2-9d42-41df-9d2d-c4733899c7d9 {}
[HTTP] <-- GET /wd/hub/session/9a0493c2-9d42-41df-9d2d-c4733899c7d9 200 15 ms - 1049 
[HTTP] --> GET /wd/hub/session/9a0493c2-9d42-41df-9d2d-c4733899c7d9 {}
[HTTP] <-- GET /wd/hub/session/9a0493c2-9d42-41df-9d2d-c4733899c7d9 200 1 ms - 1049 
[HTTP] --> GET /wd/hub/session/9a0493c2-9d42-41df-9d2d-c4733899c7d9 {}
[HTTP] <-- GET /wd/hub/session/9a0493c2-9d42-41df-9d2d-c4733899c7d9 200 2 ms - 1049 
[HTTP] --> GET /wd/hub/session/9a0493c2-9d42-41df-9d2d-c4733899c7d9/element/00ebb569-c8ad-46c9-b9bb-a09fc63aab7f/location {}
[MJSONWP] Driver proxy active, passing request on via HTTP proxy
[JSONWP Proxy] Replacing sessionId b407629d-767d-46fa-a07e-fe5f746e31b4 with 9a0493c2-9d42-41df-9d2d-c4733899c7d9
[HTTP] <-- GET /wd/hub/session/9a0493c2-9d42-41df-9d2d-c4733899c7d9/element/00ebb569-c8ad-46c9-b9bb-a09fc63aab7f/location 200 26 ms - 90 
[HTTP] --> POST /wd/hub/session/9a0493c2-9d42-41df-9d2d-c4733899c7d9/touch/perform {"actions":[{"action":"tap","options":{"element":"00ebb569-c8ad-46c9-b9bb-a09fc63aab7f","x":1,"y":1}}]}
[UiAutomator2] calling get location: 00ebb569-c8ad-46c9-b9bb-a09fc63aab7f
[HTTP] <-- POST /wd/hub/session/9a0493c2-9d42-41df-9d2d-c4733899c7d9/touch/perform 200 79 ms - 76 
[HTTP] --> GET /wd/hub/session/9a0493c2-9d42-41df-9d2d-c4733899c7d9/source {}
[MJSONWP] Driver proxy active, passing request on via HTTP proxy
[JSONWP Proxy] Replacing sessionId b407629d-767d-46fa-a07e-fe5f746e31b4 with 9a0493c2-9d42-41df-9d2d-c4733899c7d9
[HTTP] <-- GET /wd/hub/session/9a0493c2-9d42-41df-9d2d-c4733899c7d9/source 200 405 ms - 11141 
[HTTP] --> GET /wd/hub/session/9a0493c2-9d42-41df-9d2d-c4733899c7d9/screenshot {}
[HTTP] <-- GET /wd/hub/session/9a0493c2-9d42-41df-9d2d-c4733899c7d9/screenshot 200 1856 ms - 396118 
[HTTP] --> GET /wd/hub/session/9a0493c2-9d42-41df-9d2d-c4733899c7d9/source {}
[MJSONWP] Driver proxy active, passing request on via HTTP proxy
[JSONWP Proxy] Replacing sessionId b407629d-767d-46fa-a07e-fe5f746e31b4 with 9a0493c2-9d42-41df-9d2d-c4733899c7d9
[HTTP] <-- GET /wd/hub/session/9a0493c2-9d42-41df-9d2d-c4733899c7d9/source 200 271 ms - 36904 
[HTTP] --> GET /wd/hub/session/9a0493c2-9d42-41df-9d2d-c4733899c7d9/screenshot {}
[HTTP] <-- GET /wd/hub/session/9a0493c2-9d42-41df-9d2d-c4733899c7d9/screenshot 200 1631 ms - 547602 
[HTTP] --> GET /wd/hub/session/9a0493c2-9d42-41df-9d2d-c4733899c7d9/window/current/size {}
[MJSONWP] Driver proxy active, passing request on via HTTP proxy
[JSONWP Proxy] Replacing sessionId b407629d-767d-46fa-a07e-fe5f746e31b4 with 9a0493c2-9d42-41df-9d2d-c4733899c7d9
[HTTP] <-- GET /wd/hub/session/9a0493c2-9d42-41df-9d2d-c4733899c7d9/window/current/size 200 26 ms - 100 
[HTTP] --> POST /wd/hub/session/9a0493c2-9d42-41df-9d2d-c4733899c7d9/elements {"using":"xpath","value":"//hierarchy/android.widget.FrameLayout[1]/android.widget.LinearLayout[1]/android.widget.FrameLayout[1]/android.widget.LinearLayout[1]/android.widget.FrameLayout[1]/android.view.ViewGroup[1]/android.widget.FrameLayout[1]/android.widget.RelativeLayout[1]/android.widget.GridView[1]/android.widget.LinearLayout[2]/android.widget.LinearLayout[1]"}
[HTTP] <-- POST /wd/hub/session/9a0493c2-9d42-41df-9d2d-c4733899c7d9/elements 200 151 ms - 124 
[HTTP] --> GET /wd/hub/session/9a0493c2-9d42-41df-9d2d-c4733899c7d9 {}
[HTTP] <-- GET /wd/hub/session/9a0493c2-9d42-41df-9d2d-c4733899c7d9 200 1 ms - 1049 
[HTTP] --> GET /wd/hub/session/9a0493c2-9d42-41df-9d2d-c4733899c7d9 {}
[HTTP] <-- GET /wd/hub/session/9a0493c2-9d42-41df-9d2d-c4733899c7d9 200 1 ms - 1049 
[HTTP] --> GET /wd/hub/session/9a0493c2-9d42-41df-9d2d-c4733899c7d9 {}
[HTTP] <-- GET /wd/hub/session/9a0493c2-9d42-41df-9d2d-c4733899c7d9 200 1 ms - 1049 
[HTTP] --> GET /wd/hub/session/9a0493c2-9d42-41df-9d2d-c4733899c7d9 {}
[HTTP] <-- GET /wd/hub/session/9a0493c2-9d42-41df-9d2d-c4733899c7d9 200 2 ms - 1049 
[HTTP] --> GET /wd/hub/session/9a0493c2-9d42-41df-9d2d-c4733899c7d9/element/f91e24e7-0374-40c5-8ceb-9ae7f560e4ff/location {}
[MJSONWP] Driver proxy active, passing request on via HTTP proxy
[JSONWP Proxy] Replacing sessionId b407629d-767d-46fa-a07e-fe5f746e31b4 with 9a0493c2-9d42-41df-9d2d-c4733899c7d9
[HTTP] <-- GET /wd/hub/session/9a0493c2-9d42-41df-9d2d-c4733899c7d9/element/f91e24e7-0374-40c5-8ceb-9ae7f560e4ff/location 200 28 ms - 88 
[HTTP] --> POST /wd/hub/session/9a0493c2-9d42-41df-9d2d-c4733899c7d9/touch/perform {"actions":[{"action":"tap","options":{"element":"f91e24e7-0374-40c5-8ceb-9ae7f560e4ff","x":1,"y":1}}]}
[UiAutomator2] calling get location: f91e24e7-0374-40c5-8ceb-9ae7f560e4ff
[HTTP] <-- POST /wd/hub/session/9a0493c2-9d42-41df-9d2d-c4733899c7d9/touch/perform 200 1790 ms - 76 
[HTTP] --> GET /wd/hub/session/9a0493c2-9d42-41df-9d2d-c4733899c7d9/source {}
[MJSONWP] Driver proxy active, passing request on via HTTP proxy
[JSONWP Proxy] Replacing sessionId b407629d-767d-46fa-a07e-fe5f746e31b4 with 9a0493c2-9d42-41df-9d2d-c4733899c7d9
[HTTP] <-- GET /wd/hub/session/9a0493c2-9d42-41df-9d2d-c4733899c7d9/source 200 659 ms - 29568 
[HTTP] --> GET /wd/hub/session/9a0493c2-9d42-41df-9d2d-c4733899c7d9/screenshot {}
[HTTP] <-- GET /wd/hub/session/9a0493c2-9d42-41df-9d2d-c4733899c7d9/screenshot 200 2252 ms - 694230 
[HTTP] --> GET /wd/hub/session/9a0493c2-9d42-41df-9d2d-c4733899c7d9/window/current/size {}
[MJSONWP] Driver proxy active, passing request on via HTTP proxy
[JSONWP Proxy] Replacing sessionId b407629d-767d-46fa-a07e-fe5f746e31b4 with 9a0493c2-9d42-41df-9d2d-c4733899c7d9
[HTTP] <-- GET /wd/hub/session/9a0493c2-9d42-41df-9d2d-c4733899c7d9/window/current/size 200 26 ms - 100 
[HTTP] --> POST /wd/hub/session/9a0493c2-9d42-41df-9d2d-c4733899c7d9/elements {"using":"xpath","value":"//hierarchy/android.widget.FrameLayout[1]/android.widget.LinearLayout[1]/android.widget.FrameLayout[1]/android.widget.LinearLayout[1]/android.widget.FrameLayout[1]/android.widget.RelativeLayout[1]/android.support.v4.view.ViewPager[1]/android.widget.ScrollView[1]/android.widget.RelativeLayout[1]/android.widget.LinearLayout[1]/android.widget.LinearLayout[3]/android.widget.TextView[1]"}
[HTTP] <-- POST /wd/hub/session/9a0493c2-9d42-41df-9d2d-c4733899c7d9/elements 200 134 ms - 124 
[HTTP] --> GET /wd/hub/session/9a0493c2-9d42-41df-9d2d-c4733899c7d9 {}
[HTTP] <-- GET /wd/hub/session/9a0493c2-9d42-41df-9d2d-c4733899c7d9 200 1 ms - 1049 
[HTTP] --> GET /wd/hub/session/9a0493c2-9d42-41df-9d2d-c4733899c7d9 {}
[HTTP] <-- GET /wd/hub/session/9a0493c2-9d42-41df-9d2d-c4733899c7d9 200 1 ms - 1049 
[HTTP] --> GET /wd/hub/session/9a0493c2-9d42-41df-9d2d-c4733899c7d9 {}
[HTTP] <-- GET /wd/hub/session/9a0493c2-9d42-41df-9d2d-c4733899c7d9 200 1 ms - 1049 
[HTTP] --> GET /wd/hub/session/9a0493c2-9d42-41df-9d2d-c4733899c7d9 {}
[HTTP] <-- GET /wd/hub/session/9a0493c2-9d42-41df-9d2d-c4733899c7d9 200 1 ms - 1049 
[HTTP] --> GET /wd/hub/session/9a0493c2-9d42-41df-9d2d-c4733899c7d9/element/3fce0b3e-664d-4932-bec6-2cdff4b68cd6/location {}
[MJSONWP] Driver proxy active, passing request on via HTTP proxy
[JSONWP Proxy] Replacing sessionId b407629d-767d-46fa-a07e-fe5f746e31b4 with 9a0493c2-9d42-41df-9d2d-c4733899c7d9
[HTTP] <-- GET /wd/hub/session/9a0493c2-9d42-41df-9d2d-c4733899c7d9/element/3fce0b3e-664d-4932-bec6-2cdff4b68cd6/location 200 30 ms - 89 
[HTTP] --> POST /wd/hub/session/9a0493c2-9d42-41df-9d2d-c4733899c7d9/touch/perform {"actions":[{"action":"tap","options":{"element":"3fce0b3e-664d-4932-bec6-2cdff4b68cd6","x":1,"y":1}}]}
[UiAutomator2] calling get location: 3fce0b3e-664d-4932-bec6-2cdff4b68cd6
[HTTP] <-- POST /wd/hub/session/9a0493c2-9d42-41df-9d2d-c4733899c7d9/touch/perform 200 90 ms - 76 
[HTTP] --> GET /wd/hub/session/9a0493c2-9d42-41df-9d2d-c4733899c7d9/source {}
[MJSONWP] Driver proxy active, passing request on via HTTP proxy
[JSONWP Proxy] Replacing sessionId b407629d-767d-46fa-a07e-fe5f746e31b4 with 9a0493c2-9d42-41df-9d2d-c4733899c7d9
[HTTP] <-- GET /wd/hub/session/9a0493c2-9d42-41df-9d2d-c4733899c7d9/source 200 537 ms - 18170 
[HTTP] --> GET /wd/hub/session/9a0493c2-9d42-41df-9d2d-c4733899c7d9/screenshot {}
[HTTP] <-- GET /wd/hub/session/9a0493c2-9d42-41df-9d2d-c4733899c7d9/screenshot 200 1604 ms - 400822 
[HTTP] --> GET /wd/hub/session/9a0493c2-9d42-41df-9d2d-c4733899c7d9/window/current/size {}
[MJSONWP] Driver proxy active, passing request on via HTTP proxy
[JSONWP Proxy] Replacing sessionId b407629d-767d-46fa-a07e-fe5f746e31b4 with 9a0493c2-9d42-41df-9d2d-c4733899c7d9
[HTTP] <-- GET /wd/hub/session/9a0493c2-9d42-41df-9d2d-c4733899c7d9/window/current/size 200 23 ms - 100 
[HTTP] --> POST /wd/hub/session/9a0493c2-9d42-41df-9d2d-c4733899c7d9/elements {"using":"xpath","value":"//hierarchy/android.widget.FrameLayout[1]/android.widget.LinearLayout[1]/android.widget.FrameLayout[1]/android.widget.LinearLayout[1]/android.widget.FrameLayout[1]/android.widget.RelativeLayout[1]/android.support.v4.view.ViewPager[1]/android.widget.ScrollView[1]/android.widget.RelativeLayout[1]/android.widget.LinearLayout[1]/android.widget.LinearLayout[1]/android.widget.ImageView[1]"}
[HTTP] <-- POST /wd/hub/session/9a0493c2-9d42-41df-9d2d-c4733899c7d9/elements 200 60209 ms - 74 
[HTTP] --> GET /wd/hub/session/9a0493c2-9d42-41df-9d2d-c4733899c7d9/source {}
[MJSONWP] Driver proxy active, passing request on via HTTP proxy
[JSONWP Proxy] Replacing sessionId b407629d-767d-46fa-a07e-fe5f746e31b4 with 9a0493c2-9d42-41df-9d2d-c4733899c7d9
[HTTP] <-- GET /wd/hub/session/9a0493c2-9d42-41df-9d2d-c4733899c7d9/source 200 111 ms - 11753 
[HTTP] --> GET /wd/hub/session/9a0493c2-9d42-41df-9d2d-c4733899c7d9/screenshot {}
[HTTP] <-- GET /wd/hub/session/9a0493c2-9d42-41df-9d2d-c4733899c7d9/screenshot 200 1660 ms - 401282 
[HTTP] --> GET /wd/hub/session/9a0493c2-9d42-41df-9d2d-c4733899c7d9/window/current/size {}
[MJSONWP] Driver proxy active, passing request on via HTTP proxy
[JSONWP Proxy] Replacing sessionId b407629d-767d-46fa-a07e-fe5f746e31b4 with 9a0493c2-9d42-41df-9d2d-c4733899c7d9
[HTTP] <-- GET /wd/hub/session/9a0493c2-9d42-41df-9d2d-c4733899c7d9/window/current/size 200 22 ms - 100 
[HTTP] --> POST /wd/hub/session/9a0493c2-9d42-41df-9d2d-c4733899c7d9/elements {"using":"xpath","value":"//hierarchy/android.widget.FrameLayout[1]/android.widget.LinearLayout[1]/android.widget.FrameLayout[1]/android.widget.LinearLayout[1]/android.widget.FrameLayout[1]/android.widget.LinearLayout[1]/android.widget.ScrollView[1]/android.widget.LinearLayout[1]/android.widget.LinearLayout[1]/android.view.ViewGroup[1]/android.widget.RelativeLayout[1]/android.widget.ImageButton[1]"}
[HTTP] <-- POST /wd/hub/session/9a0493c2-9d42-41df-9d2d-c4733899c7d9/elements 200 81 ms - 124 
[HTTP] --> GET /wd/hub/session/9a0493c2-9d42-41df-9d2d-c4733899c7d9 {}
[HTTP] <-- GET /wd/hub/session/9a0493c2-9d42-41df-9d2d-c4733899c7d9 200 2 ms - 1049 
[HTTP] --> GET /wd/hub/session/9a0493c2-9d42-41df-9d2d-c4733899c7d9 {}
[HTTP] <-- GET /wd/hub/session/9a0493c2-9d42-41df-9d2d-c4733899c7d9 200 1 ms - 1049 
[HTTP] --> GET /wd/hub/session/9a0493c2-9d42-41df-9d2d-c4733899c7d9 {}
[HTTP] <-- GET /wd/hub/session/9a0493c2-9d42-41df-9d2d-c4733899c7d9 200 2 ms - 1049 
[HTTP] --> GET /wd/hub/session/9a0493c2-9d42-41df-9d2d-c4733899c7d9 {}
[HTTP] <-- GET /wd/hub/session/9a0493c2-9d42-41df-9d2d-c4733899c7d9 200 2 ms - 1049 
[HTTP] --> GET /wd/hub/session/9a0493c2-9d42-41df-9d2d-c4733899c7d9/element/b1d47387-ab0b-40f3-b033-61d8062a8a08/location {}
[MJSONWP] Driver proxy active, passing request on via HTTP proxy
[JSONWP Proxy] Replacing sessionId b407629d-767d-46fa-a07e-fe5f746e31b4 with 9a0493c2-9d42-41df-9d2d-c4733899c7d9
[HTTP] <-- GET /wd/hub/session/9a0493c2-9d42-41df-9d2d-c4733899c7d9/element/b1d47387-ab0b-40f3-b033-61d8062a8a08/location 200 21 ms - 89 
[HTTP] --> POST /wd/hub/session/9a0493c2-9d42-41df-9d2d-c4733899c7d9/touch/perform {"actions":[{"action":"tap","options":{"element":"b1d47387-ab0b-40f3-b033-61d8062a8a08","x":1,"y":1}}]}
[UiAutomator2] calling get location: b1d47387-ab0b-40f3-b033-61d8062a8a08
[HTTP] <-- POST /wd/hub/session/9a0493c2-9d42-41df-9d2d-c4733899c7d9/touch/perform 200 85 ms - 76 
[HTTP] --> GET /wd/hub/session/9a0493c2-9d42-41df-9d2d-c4733899c7d9/source {}
[MJSONWP] Driver proxy active, passing request on via HTTP proxy
[JSONWP Proxy] Replacing sessionId b407629d-767d-46fa-a07e-fe5f746e31b4 with 9a0493c2-9d42-41df-9d2d-c4733899c7d9
[HTTP] <-- GET /wd/hub/session/9a0493c2-9d42-41df-9d2d-c4733899c7d9/source 200 222 ms - 5410 
[HTTP] --> GET /wd/hub/session/9a0493c2-9d42-41df-9d2d-c4733899c7d9/screenshot {}
[HTTP] <-- GET /wd/hub/session/9a0493c2-9d42-41df-9d2d-c4733899c7d9/screenshot 200 1503 ms - 276782 
[HTTP] --> GET /wd/hub/session/9a0493c2-9d42-41df-9d2d-c4733899c7d9/window/current/size {}
[MJSONWP] Driver proxy active, passing request on via HTTP proxy
[JSONWP Proxy] Replacing sessionId b407629d-767d-46fa-a07e-fe5f746e31b4 with 9a0493c2-9d42-41df-9d2d-c4733899c7d9
[HTTP] <-- GET /wd/hub/session/9a0493c2-9d42-41df-9d2d-c4733899c7d9/window/current/size 200 33 ms - 100 
[HTTP] --> POST /wd/hub/session/9a0493c2-9d42-41df-9d2d-c4733899c7d9/elements {"using":"xpath","value":"//hierarchy/android.widget.FrameLayout[1]/android.widget.FrameLayout[1]/android.widget.FrameLayout[1]/android.widget.LinearLayout[1]/android.widget.FrameLayout[1]/android.widget.ListView[1]/android.widget.TextView[1]"}
[HTTP] <-- POST /wd/hub/session/9a0493c2-9d42-41df-9d2d-c4733899c7d9/elements 200 62 ms - 124 
[HTTP] --> GET /wd/hub/session/9a0493c2-9d42-41df-9d2d-c4733899c7d9 {}
[HTTP] <-- GET /wd/hub/session/9a0493c2-9d42-41df-9d2d-c4733899c7d9 200 1 ms - 1049 
[HTTP] --> GET /wd/hub/session/9a0493c2-9d42-41df-9d2d-c4733899c7d9 {}
[HTTP] <-- GET /wd/hub/session/9a0493c2-9d42-41df-9d2d-c4733899c7d9 200 2 ms - 1049 
[HTTP] --> GET /wd/hub/session/9a0493c2-9d42-41df-9d2d-c4733899c7d9 {}
[HTTP] <-- GET /wd/hub/session/9a0493c2-9d42-41df-9d2d-c4733899c7d9 200 1 ms - 1049 
[HTTP] --> GET /wd/hub/session/9a0493c2-9d42-41df-9d2d-c4733899c7d9 {}
[HTTP] <-- GET /wd/hub/session/9a0493c2-9d42-41df-9d2d-c4733899c7d9 200 1 ms - 1049 
[HTTP] --> GET /wd/hub/session/9a0493c2-9d42-41df-9d2d-c4733899c7d9/element/4c33fac6-07f4-49b5-9908-6bedf075bd67/location {}
[MJSONWP] Driver proxy active, passing request on via HTTP proxy
[JSONWP Proxy] Replacing sessionId b407629d-767d-46fa-a07e-fe5f746e31b4 with 9a0493c2-9d42-41df-9d2d-c4733899c7d9
[HTTP] <-- GET /wd/hub/session/9a0493c2-9d42-41df-9d2d-c4733899c7d9/element/4c33fac6-07f4-49b5-9908-6bedf075bd67/location 200 21 ms - 88 
[HTTP] --> POST /wd/hub/session/9a0493c2-9d42-41df-9d2d-c4733899c7d9/touch/perform {"actions":[{"action":"tap","options":{"element":"4c33fac6-07f4-49b5-9908-6bedf075bd67","x":1,"y":1}}]}
[UiAutomator2] calling get location: 4c33fac6-07f4-49b5-9908-6bedf075bd67
[HTTP] <-- POST /wd/hub/session/9a0493c2-9d42-41df-9d2d-c4733899c7d9/touch/perform 200 635 ms - 76 
[HTTP] --> GET /wd/hub/session/9a0493c2-9d42-41df-9d2d-c4733899c7d9/source {}
[MJSONWP] Driver proxy active, passing request on via HTTP proxy
[JSONWP Proxy] Replacing sessionId b407629d-767d-46fa-a07e-fe5f746e31b4 with 9a0493c2-9d42-41df-9d2d-c4733899c7d9
[HTTP] <-- GET /wd/hub/session/9a0493c2-9d42-41df-9d2d-c4733899c7d9/source 200 1144 ms - 20667 
[HTTP] --> GET /wd/hub/session/9a0493c2-9d42-41df-9d2d-c4733899c7d9/screenshot {}
[HTTP] <-- GET /wd/hub/session/9a0493c2-9d42-41df-9d2d-c4733899c7d9/screenshot 200 2289 ms - 1040698 
[HTTP] --> GET /wd/hub/session/9a0493c2-9d42-41df-9d2d-c4733899c7d9/window/current/size {}
[MJSONWP] Driver proxy active, passing request on via HTTP proxy
[JSONWP Proxy] Replacing sessionId b407629d-767d-46fa-a07e-fe5f746e31b4 with 9a0493c2-9d42-41df-9d2d-c4733899c7d9
[HTTP] <-- GET /wd/hub/session/9a0493c2-9d42-41df-9d2d-c4733899c7d9/window/current/size 200 23 ms - 100 
[HTTP] --> POST /wd/hub/session/9a0493c2-9d42-41df-9d2d-c4733899c7d9/elements {"using":"xpath","value":"//hierarchy/android.widget.FrameLayout[1]/android.view.ViewGroup[1]/android.widget.FrameLayout[1]/android.widget.RelativeLayout[1]/android.view.View[1]/com.sec.samsung.gallery.glview.composeView.ThumbObject[5]"}
[HTTP] <-- POST /wd/hub/session/9a0493c2-9d42-41df-9d2d-c4733899c7d9/elements 200 141 ms - 124 
[HTTP] --> GET /wd/hub/session/9a0493c2-9d42-41df-9d2d-c4733899c7d9 {}
[HTTP] <-- GET /wd/hub/session/9a0493c2-9d42-41df-9d2d-c4733899c7d9 200 2 ms - 1049 
[HTTP] --> GET /wd/hub/session/9a0493c2-9d42-41df-9d2d-c4733899c7d9 {}
[HTTP] <-- GET /wd/hub/session/9a0493c2-9d42-41df-9d2d-c4733899c7d9 200 1 ms - 1049 
[HTTP] --> GET /wd/hub/session/9a0493c2-9d42-41df-9d2d-c4733899c7d9 {}
[HTTP] <-- GET /wd/hub/session/9a0493c2-9d42-41df-9d2d-c4733899c7d9 200 1 ms - 1049 
[HTTP] --> GET /wd/hub/session/9a0493c2-9d42-41df-9d2d-c4733899c7d9 {}
[HTTP] <-- GET /wd/hub/session/9a0493c2-9d42-41df-9d2d-c4733899c7d9 200 1 ms - 1049 
[HTTP] --> GET /wd/hub/session/9a0493c2-9d42-41df-9d2d-c4733899c7d9/element/cc5c0db7-e55a-487b-980e-342ed09e366c/location {}
[MJSONWP] Driver proxy active, passing request on via HTTP proxy
